# JRE version: Java(TM) SE Runtime Environment (8.0_131-b11) (build 1.8.0_131-b11)
# Java VM: Java HotSpot(TM) 64-Bit Server VM (25.131-b11 mixed mode windows-amd64 compressed oops)
Heap:
 PSYoungGen      total 257024K, used 9446K [0x00000000eab00000, 0x00000000fba80000, 0x0000000100000000)
  eden space 240128K, 3% used [0x00000000eab00000,0x00000000eb439bf8,0x00000000f9580000)
  from space 16896K, 0% used [0x00000000faa00000,0x00000000faa00000,0x00000000fba80000)
  to   space 18944K, 0% used [0x00000000f9580000,0x00000000f9580000,0x00000000fa800000)
 ParOldGen       total 47104K, used 45895K [0x00000000c0000000, 0x00000000c2e00000, 0x00000000eab00000)
  object space 47104K, 97% used [0x00000000c0000000,0x00000000c2cd1e28,0x00000000c2e00000)
 Metaspace       used 50668K, capacity 51718K, committed 51840K, reserved 1093632K
  class space    used 6945K, capacity 7245K, committed 7296K, reserved 1048576K
GC Heap History (10 events):
Event: 92.406 GC heap before
{Heap before GC invocations=11 (full 1):
 PSYoungGen      total 122880K, used 28812K [0x00000000eab00000, 0x00000000f6700000, 0x0000000100000000)
  eden space 113664K, 17% used [0x00000000eab00000,0x00000000ebe26548,0x00000000f1a00000)
  from space 9216K, 99% used [0x00000000f1a00000,0x00000000f22fce28,0x00000000f2300000)
  to   space 12288K, 0% used [0x00000000f5b00000,0x00000000f5b00000,0x00000000f6700000)
 ParOldGen       total 32256K, used 13137K [0x00000000c0000000, 0x00000000c1f80000, 0x00000000eab00000)
  object space 32256K, 40% used [0x00000000c0000000,0x00000000c0cd45b8,0x00000000c1f80000)
 Metaspace       used 34682K, capacity 35292K, committed 35456K, reserved 1079296K
  class space    used 4789K, capacity 4926K, committed 4992K, reserved 1048576K
Event: 92.435 GC heap after
Heap after GC invocations=11 (full 1):
 PSYoungGen      total 179712K, used 8584K [0x00000000eab00000, 0x00000000f6b00000, 0x0000000100000000)
  eden space 167424K, 0% used [0x00000000eab00000,0x00000000eab00000,0x00000000f4e80000)
  from space 12288K, 69% used [0x00000000f5b00000,0x00000000f63620d8,0x00000000f6700000)
  to   space 12800K, 0% used [0x00000000f4e80000,0x00000000f4e80000,0x00000000f5b00000)
 ParOldGen       total 32256K, used 15885K [0x00000000c0000000, 0x00000000c1f80000, 0x00000000eab00000)
  object space 32256K, 49% used [0x00000000c0000000,0x00000000c0f835d8,0x00000000c1f80000)
 Metaspace       used 34682K, capacity 35292K, committed 35456K, reserved 1079296K
  class space    used 4789K, capacity 4926K, committed 4992K, reserved 1048576K
}
Event: 92.435 GC heap before
{Heap before GC invocations=12 (full 2):
 PSYoungGen      total 179712K, used 8584K [0x00000000eab00000, 0x00000000f6b00000, 0x0000000100000000)
  eden space 167424K, 0% used [0x00000000eab00000,0x00000000eab00000,0x00000000f4e80000)
  from space 12288K, 69% used [0x00000000f5b00000,0x00000000f63620d8,0x00000000f6700000)
  to   space 12800K, 0% used [0x00000000f4e80000,0x00000000f4e80000,0x00000000f5b00000)
 ParOldGen       total 32256K, used 15885K [0x00000000c0000000, 0x00000000c1f80000, 0x00000000eab00000)
  object space 32256K, 49% used [0x00000000c0000000,0x00000000c0f835d8,0x00000000c1f80000)
 Metaspace       used 34682K, capacity 35292K, committed 35456K, reserved 1079296K
  class space    used 4789K, capacity 4926K, committed 4992K, reserved 1048576K
Event: 92.607 GC heap after
Heap after GC invocations=12 (full 2):
 PSYoungGen      total 179712K, used 0K [0x00000000eab00000, 0x00000000f6b00000, 0x0000000100000000)
  eden space 167424K, 0% used [0x00000000eab00000,0x00000000eab00000,0x00000000f4e80000)
  from space 12288K, 0% used [0x00000000f5b00000,0x00000000f5b00000,0x00000000f6700000)
  to   space 12800K, 0% used [0x00000000f4e80000,0x00000000f4e80000,0x00000000f5b00000)
 ParOldGen       total 47104K, used 18538K [0x00000000c0000000, 0x00000000c2e00000, 0x00000000eab00000)
  object space 47104K, 39% used [0x00000000c0000000,0x00000000c121a858,0x00000000c2e00000)
 Metaspace       used 34682K, capacity 35292K, committed 35456K, reserved 1079296K
  class space    used 4789K, capacity 4926K, committed 4992K, reserved 1048576K
}
Event: 101.613 GC heap before
{Heap before GC invocations=13 (full 2):
 PSYoungGen      total 179712K, used 167424K [0x00000000eab00000, 0x00000000f6b00000, 0x0000000100000000)
  eden space 167424K, 100% used [0x00000000eab00000,0x00000000f4e80000,0x00000000f4e80000)
  from space 12288K, 0% used [0x00000000f5b00000,0x00000000f5b00000,0x00000000f6700000)
  to   space 12800K, 0% used [0x00000000f4e80000,0x00000000f4e80000,0x00000000f5b00000)
 ParOldGen       total 47104K, used 18538K [0x00000000c0000000, 0x00000000c2e00000, 0x00000000eab00000)
  object space 47104K, 39% used [0x00000000c0000000,0x00000000c121a858,0x00000000c2e00000)
 Metaspace       used 46479K, capacity 47382K, committed 47744K, reserved 1089536K
  class space    used 6466K, capacity 6696K, committed 6784K, reserved 1048576K
Event: 101.670 GC heap after
Heap after GC invocations=13 (full 2):
 PSYoungGen      total 180224K, used 12787K [0x00000000eab00000, 0x00000000fba80000, 0x0000000100000000)
  eden space 167424K, 0% used [0x00000000eab00000,0x00000000eab00000,0x00000000f4e80000)
  from space 12800K, 99% used [0x00000000f4e80000,0x00000000f5afcc70,0x00000000f5b00000)
  to   space 16896K, 0% used [0x00000000faa00000,0x00000000faa00000,0x00000000fba80000)
 ParOldGen       total 47104K, used 24552K [0x00000000c0000000, 0x00000000c2e00000, 0x00000000eab00000)
  object space 47104K, 52% used [0x00000000c0000000,0x00000000c17fa198,0x00000000c2e00000)
 Metaspace       used 46479K, capacity 47382K, committed 47744K, reserved 1089536K
  class space    used 6466K, capacity 6696K, committed 6784K, reserved 1048576K
}
Event: 140.837 GC heap before
{Heap before GC invocations=14 (full 2):
 PSYoungGen      total 180224K, used 180211K [0x00000000eab00000, 0x00000000fba80000, 0x0000000100000000)
  eden space 167424K, 100% used [0x00000000eab00000,0x00000000f4e80000,0x00000000f4e80000)
  from space 12800K, 99% used [0x00000000f4e80000,0x00000000f5afcc70,0x00000000f5b00000)
  to   space 16896K, 0% used [0x00000000faa00000,0x00000000faa00000,0x00000000fba80000)
 ParOldGen       total 47104K, used 24552K [0x00000000c0000000, 0x00000000c2e00000, 0x00000000eab00000)
  object space 47104K, 52% used [0x00000000c0000000,0x00000000c17fa198,0x00000000c2e00000)
 Metaspace       used 50637K, capacity 51718K, committed 51840K, reserved 1093632K
  class space    used 6945K, capacity 7245K, committed 7296K, reserved 1048576K
Event: 140.912 GC heap after
Heap after GC invocations=14 (full 2):
 PSYoungGen      total 257024K, used 15330K [0x00000000eab00000, 0x00000000fba80000, 0x0000000100000000)
  eden space 240128K, 0% used [0x00000000eab00000,0x00000000eab00000,0x00000000f9580000)
  from space 16896K, 90% used [0x00000000faa00000,0x00000000fb8f8808,0x00000000fba80000)
  to   space 18944K, 0% used [0x00000000f9580000,0x00000000f9580000,0x00000000fa800000)
 ParOldGen       total 47104K, used 37246K [0x00000000c0000000, 0x00000000c2e00000, 0x00000000eab00000)
  object space 47104K, 79% used [0x00000000c0000000,0x00000000c245faf8,0x00000000c2e00000)
 Metaspace       used 50637K, capacity 51718K, committed 51840K, reserved 1093632K
  class space    used 6945K, capacity 7245K, committed 7296K, reserved 1048576K
}
Event: 140.912 GC heap before
{Heap before GC invocations=15 (full 3):
 PSYoungGen      total 257024K, used 15330K [0x00000000eab00000, 0x00000000fba80000, 0x0000000100000000)
  eden space 240128K, 0% used [0x00000000eab00000,0x00000000eab00000,0x00000000f9580000)
  from space 16896K, 90% used [0x00000000faa00000,0x00000000fb8f8808,0x00000000fba80000)
  to   space 18944K, 0% used [0x00000000f9580000,0x00000000f9580000,0x00000000fa800000)
 ParOldGen       total 47104K, used 37246K [0x00000000c0000000, 0x00000000c2e00000, 0x00000000eab00000)
  object space 47104K, 79% used [0x00000000c0000000,0x00000000c245faf8,0x00000000c2e00000)
 Metaspace       used 50637K, capacity 51718K, committed 51840K, reserved 1093632K
  class space    used 6945K, capacity 7245K, committed 7296K, reserved 1048576K
Event: 141.650 GC heap after
Heap after GC invocations=15 (full 3):
 PSYoungGen      total 257024K, used 0K [0x00000000eab00000, 0x00000000fba80000, 0x0000000100000000)
  eden space 240128K, 0% used [0x00000000eab00000,0x00000000eab00000,0x00000000f9580000)
  from space 16896K, 0% used [0x00000000faa00000,0x00000000faa00000,0x00000000fba80000)
  to   space 18944K, 0% used [0x00000000f9580000,0x00000000f9580000,0x00000000fa800000)
 ParOldGen       total 47104K, used 45895K [0x00000000c0000000, 0x00000000c2e00000, 0x00000000eab00000)
  object space 47104K, 97% used [0x00000000c0000000,0x00000000c2cd1e28,0x00000000c2e00000)
 Metaspace       used 50637K, capacity 51718K, committed 51840K, reserved 1093632K
  class space    used 6945K, capacity 7245K, committed 7296K, reserved 1048576K
}

