# JRE version: Java(TM) SE Runtime Environment (8.0_131-b11) (build 1.8.0_131-b11)
# Java VM: Java HotSpot(TM) 64-Bit Server VM (25.131-b11 mixed mode windows-amd64 compressed oops)
Heap:
 PSYoungGen      total 72192K, used 25649K [0x00000000eab00000, 0x00000000efa00000, 0x0000000100000000)
  eden space 63488K, 40% used [0x00000000eab00000,0x00000000ec40c7a0,0x00000000ee900000)
  from space 8704K, 0% used [0x00000000ef180000,0x00000000ef180000,0x00000000efa00000)
  to   space 8704K, 0% used [0x00000000ee900000,0x00000000ee900000,0x00000000ef180000)
 ParOldGen       total 41472K, used 11516K [0x00000000c0000000, 0x00000000c2880000, 0x00000000eab00000)
  object space 41472K, 27% used [0x00000000c0000000,0x00000000c0b3f360,0x00000000c2880000)
 Metaspace       used 22738K, capacity 23172K, committed 23296K, reserved 1069056K
  class space    used 3097K, capacity 3241K, committed 3328K, reserved 1048576K
GC Heap History (10 events):
Event: 3.677 GC heap before
{Heap before GC invocations=3 (full 0):
 PSYoungGen      total 18432K, used 17919K [0x00000000eab00000, 0x00000000ebf80000, 0x0000000100000000)
  eden space 15872K, 100% used [0x00000000eab00000,0x00000000eba80000,0x00000000eba80000)
  from space 2560K, 79% used [0x00000000ebd00000,0x00000000ebeffe10,0x00000000ebf80000)
  to   space 2560K, 0% used [0x00000000eba80000,0x00000000eba80000,0x00000000ebd00000)
 ParOldGen       total 42496K, used 535K [0x00000000c0000000, 0x00000000c2980000, 0x00000000eab00000)
  object space 42496K, 1% used [0x00000000c0000000,0x00000000c0085f28,0x00000000c2980000)
 Metaspace       used 10829K, capacity 11180K, committed 11264K, reserved 1058816K
  class space    used 1418K, capacity 1534K, committed 1536K, reserved 1048576K
Event: 3.703 GC heap after
Heap after GC invocations=3 (full 0):
 PSYoungGen      total 18432K, used 2528K [0x00000000eab00000, 0x00000000ecf00000, 0x0000000100000000)
  eden space 15872K, 0% used [0x00000000eab00000,0x00000000eab00000,0x00000000eba80000)
  from space 2560K, 98% used [0x00000000eba80000,0x00000000ebcf8020,0x00000000ebd00000)
  to   space 2560K, 0% used [0x00000000ecc80000,0x00000000ecc80000,0x00000000ecf00000)
 ParOldGen       total 42496K, used 1909K [0x00000000c0000000, 0x00000000c2980000, 0x00000000eab00000)
  object space 42496K, 4% used [0x00000000c0000000,0x00000000c01dd5c8,0x00000000c2980000)
 Metaspace       used 10829K, capacity 11180K, committed 11264K, reserved 1058816K
  class space    used 1418K, capacity 1534K, committed 1536K, reserved 1048576K
}
Event: 4.310 GC heap before
{Heap before GC invocations=4 (full 0):
 PSYoungGen      total 18432K, used 18400K [0x00000000eab00000, 0x00000000ecf00000, 0x0000000100000000)
  eden space 15872K, 100% used [0x00000000eab00000,0x00000000eba80000,0x00000000eba80000)
  from space 2560K, 98% used [0x00000000eba80000,0x00000000ebcf8020,0x00000000ebd00000)
  to   space 2560K, 0% used [0x00000000ecc80000,0x00000000ecc80000,0x00000000ecf00000)
 ParOldGen       total 42496K, used 1909K [0x00000000c0000000, 0x00000000c2980000, 0x00000000eab00000)
  object space 42496K, 4% used [0x00000000c0000000,0x00000000c01dd5c8,0x00000000c2980000)
 Metaspace       used 12723K, capacity 13034K, committed 13184K, reserved 1060864K
  class space    used 1743K, capacity 1849K, committed 1920K, reserved 1048576K
Event: 4.322 GC heap after
Heap after GC invocations=4 (full 0):
 PSYoungGen      total 34304K, used 2544K [0x00000000eab00000, 0x00000000ecf00000, 0x0000000100000000)
  eden space 31744K, 0% used [0x00000000eab00000,0x00000000eab00000,0x00000000eca00000)
  from space 2560K, 99% used [0x00000000ecc80000,0x00000000ecefc010,0x00000000ecf00000)
  to   space 2560K, 0% used [0x00000000eca00000,0x00000000eca00000,0x00000000ecc80000)
 ParOldGen       total 42496K, used 3868K [0x00000000c0000000, 0x00000000c2980000, 0x00000000eab00000)
  object space 42496K, 9% used [0x00000000c0000000,0x00000000c03c7010,0x00000000c2980000)
 Metaspace       used 12723K, capacity 13034K, committed 13184K, reserved 1060864K
  class space    used 1743K, capacity 1849K, committed 1920K, reserved 1048576K
}
Event: 6.389 GC heap before
{Heap before GC invocations=5 (full 0):
 PSYoungGen      total 34304K, used 34288K [0x00000000eab00000, 0x00000000ecf00000, 0x0000000100000000)
  eden space 31744K, 100% used [0x00000000eab00000,0x00000000eca00000,0x00000000eca00000)
  from space 2560K, 99% used [0x00000000ecc80000,0x00000000ecefc010,0x00000000ecf00000)
  to   space 2560K, 0% used [0x00000000eca00000,0x00000000eca00000,0x00000000ecc80000)
 ParOldGen       total 42496K, used 3868K [0x00000000c0000000, 0x00000000c2980000, 0x00000000eab00000)
  object space 42496K, 9% used [0x00000000c0000000,0x00000000c03c7010,0x00000000c2980000)
 Metaspace       used 18695K, capacity 19024K, committed 19072K, reserved 1064960K
  class space    used 2542K, capacity 2651K, committed 2688K, reserved 1048576K
Event: 6.417 GC heap after
Heap after GC invocations=5 (full 0):
 PSYoungGen      total 34304K, used 2560K [0x00000000eab00000, 0x00000000efa00000, 0x0000000100000000)
  eden space 31744K, 0% used [0x00000000eab00000,0x00000000eab00000,0x00000000eca00000)
  from space 2560K, 100% used [0x00000000eca00000,0x00000000ecc80000,0x00000000ecc80000)
  to   space 8704K, 0% used [0x00000000ef180000,0x00000000ef180000,0x00000000efa00000)
 ParOldGen       total 42496K, used 9779K [0x00000000c0000000, 0x00000000c2980000, 0x00000000eab00000)
  object space 42496K, 23% used [0x00000000c0000000,0x00000000c098cf70,0x00000000c2980000)
 Metaspace       used 18695K, capacity 19024K, committed 19072K, reserved 1064960K
  class space    used 2542K, capacity 2651K, committed 2688K, reserved 1048576K
}
Event: 7.416 GC heap before
{Heap before GC invocations=6 (full 0):
 PSYoungGen      total 34304K, used 25297K [0x00000000eab00000, 0x00000000efa00000, 0x0000000100000000)
  eden space 31744K, 71% used [0x00000000eab00000,0x00000000ec134468,0x00000000eca00000)
  from space 2560K, 100% used [0x00000000eca00000,0x00000000ecc80000,0x00000000ecc80000)
  to   space 8704K, 0% used [0x00000000ef180000,0x00000000ef180000,0x00000000efa00000)
 ParOldGen       total 42496K, used 9779K [0x00000000c0000000, 0x00000000c2980000, 0x00000000eab00000)
  object space 42496K, 23% used [0x00000000c0000000,0x00000000c098cf70,0x00000000c2980000)
 Metaspace       used 20850K, capacity 21250K, committed 21296K, reserved 1067008K
  class space    used 2782K, capacity 2944K, committed 2944K, reserved 1048576K
Event: 7.431 GC heap after
Heap after GC invocations=6 (full 0):
 PSYoungGen      total 72192K, used 5274K [0x00000000eab00000, 0x00000000efa00000, 0x0000000100000000)
  eden space 63488K, 0% used [0x00000000eab00000,0x00000000eab00000,0x00000000ee900000)
  from space 8704K, 60% used [0x00000000ef180000,0x00000000ef6a6bd8,0x00000000efa00000)
  to   space 8704K, 0% used [0x00000000ee900000,0x00000000ee900000,0x00000000ef180000)
 ParOldGen       total 42496K, used 9779K [0x00000000c0000000, 0x00000000c2980000, 0x00000000eab00000)
  object space 42496K, 23% used [0x00000000c0000000,0x00000000c098cf70,0x00000000c2980000)
 Metaspace       used 20850K, capacity 21250K, committed 21296K, reserved 1067008K
  class space    used 2782K, capacity 2944K, committed 2944K, reserved 1048576K
}
Event: 7.431 GC heap before
{Heap before GC invocations=7 (full 1):
 PSYoungGen      total 72192K, used 5274K [0x00000000eab00000, 0x00000000efa00000, 0x0000000100000000)
  eden space 63488K, 0% used [0x00000000eab00000,0x00000000eab00000,0x00000000ee900000)
  from space 8704K, 60% used [0x00000000ef180000,0x00000000ef6a6bd8,0x00000000efa00000)
  to   space 8704K, 0% used [0x00000000ee900000,0x00000000ee900000,0x00000000ef180000)
 ParOldGen       total 42496K, used 9779K [0x00000000c0000000, 0x00000000c2980000, 0x00000000eab00000)
  object space 42496K, 23% used [0x00000000c0000000,0x00000000c098cf70,0x00000000c2980000)
 Metaspace       used 20850K, capacity 21250K, committed 21296K, reserved 1067008K
  class space    used 2782K, capacity 2944K, committed 2944K, reserved 1048576K
Event: 7.549 GC heap after
Heap after GC invocations=7 (full 1):
 PSYoungGen      total 72192K, used 0K [0x00000000eab00000, 0x00000000efa00000, 0x0000000100000000)
  eden space 63488K, 0% used [0x00000000eab00000,0x00000000eab00000,0x00000000ee900000)
  from space 8704K, 0% used [0x00000000ef180000,0x00000000ef180000,0x00000000efa00000)
  to   space 8704K, 0% used [0x00000000ee900000,0x00000000ee900000,0x00000000ef180000)
 ParOldGen       total 41472K, used 11516K [0x00000000c0000000, 0x00000000c2880000, 0x00000000eab00000)
  object space 41472K, 27% used [0x00000000c0000000,0x00000000c0b3f360,0x00000000c2880000)
 Metaspace       used 20850K, capacity 21250K, committed 21296K, reserved 1067008K
  class space    used 2782K, capacity 2944K, committed 2944K, reserved 1048576K
}

